2020.01.19 at 12:33:47 CST INFO  org.springframework.boot.StartupInfoLogger logStarting() @55 - Starting MetroApplication on Shawn with PID 14056 (D:\work\intellij\metro-springboot-2020\target\classes started by Shawn in D:\work\intellij\metro-springboot-2020)
2020.01.19 at 12:33:47 CST INFO  org.springframework.boot.SpringApplication logStartupProfileInfo() @651 - No active profile set, falling back to default profiles: default
2020.01.19 at 12:33:48 CST INFO  org.springframework.data.repository.config.RepositoryConfigurationDelegate multipleStoresDetected() @249 - Multiple Spring Data modules found, entering strict repository configuration mode!
2020.01.19 at 12:33:48 CST INFO  org.springframework.data.repository.config.RepositoryConfigurationDelegate registerRepositoriesIn() @127 - Bootstrapping Spring Data Redis repositories in DEFAULT mode.
2020.01.19 at 12:33:48 CST INFO  org.springframework.data.repository.config.RepositoryConfigurationDelegate registerRepositoriesIn() @187 - Finished Spring Data repository scanning in 34ms. Found 0 Redis repository interfaces.
2020.01.19 at 12:33:48 CST INFO  org.springframework.context.support.PostProcessorRegistrationDelegate$BeanPostProcessorChecker postProcessAfterInitialization() @330 - Bean 'org.springframework.transaction.annotation.ProxyTransactionManagementConfiguration' of type [org.springframework.transaction.annotation.ProxyTransactionManagementConfiguration] is not eligible for getting processed by all BeanPostProcessors (for example: not eligible for auto-proxying)
2020.01.19 at 12:33:48 CST INFO  org.springframework.context.support.PostProcessorRegistrationDelegate$BeanPostProcessorChecker postProcessAfterInitialization() @330 - Bean 'redisConfig' of type [com.mt.metro.config.RedisConfig$$EnhancerBySpringCGLIB$$21992c89] is not eligible for getting processed by all BeanPostProcessors (for example: not eligible for auto-proxying)
2020.01.19 at 12:33:49 CST INFO  org.springframework.boot.web.embedded.tomcat.TomcatWebServer initialize() @92 - Tomcat initialized with port(s): 8888 (http)
2020.01.19 at 12:33:49 CST INFO  org.apache.juli.logging.DirectJDKLog log() @173 - Initializing ProtocolHandler ["http-nio-8888"]
2020.01.19 at 12:33:49 CST INFO  org.apache.juli.logging.DirectJDKLog log() @173 - Starting service [Tomcat]
2020.01.19 at 12:33:49 CST INFO  org.apache.juli.logging.DirectJDKLog log() @173 - Starting Servlet engine: [Apache Tomcat/9.0.29]
2020.01.19 at 12:33:49 CST INFO  org.apache.juli.logging.DirectJDKLog log() @173 - Initializing Spring embedded WebApplicationContext
2020.01.19 at 12:33:49 CST INFO  org.springframework.boot.web.servlet.context.ServletWebServerApplicationContext prepareWebApplicationContext() @284 - Root WebApplicationContext: initialization completed in 1782 ms
2020.01.19 at 12:33:50 CST INFO  org.springframework.scheduling.concurrent.ExecutorConfigurationSupport initialize() @171 - Initializing ExecutorService 'applicationTaskExecutor'
2020.01.19 at 12:33:50 CST WARN  org.springframework.boot.autoconfigure.thymeleaf.ThymeleafAutoConfiguration$DefaultTemplateResolverConfiguration checkTemplateLocationExists() @106 - Cannot find template location: classpath:/templates/ (please add some templates or check your Thymeleaf configuration)
2020.01.19 at 12:33:51 CST INFO  org.springframework.scheduling.concurrent.ExecutorConfigurationSupport initialize() @171 - Initializing ExecutorService 'taskScheduler'
2020.01.19 at 12:33:51 CST INFO  org.apache.juli.logging.DirectJDKLog log() @173 - Starting ProtocolHandler ["http-nio-8888"]
2020.01.19 at 12:33:51 CST INFO  org.springframework.boot.web.embedded.tomcat.TomcatWebServer start() @204 - Tomcat started on port(s): 8888 (http) with context path ''
2020.01.19 at 12:33:51 CST INFO  org.springframework.boot.StartupInfoLogger logStarted() @61 - Started MetroApplication in 4.229 seconds (JVM running for 6.89)
2020.01.19 at 12:34:00 CST INFO  org.apache.juli.logging.DirectJDKLog log() @173 - Initializing Spring DispatcherServlet 'dispatcherServlet'
2020.01.19 at 12:34:00 CST INFO  org.springframework.web.servlet.FrameworkServlet initServletBean() @525 - Initializing Servlet 'dispatcherServlet'
2020.01.19 at 12:34:00 CST INFO  org.springframework.web.servlet.FrameworkServlet initServletBean() @547 - Completed initialization in 7 ms
2020.01.19 at 12:34:01 CST INFO  io.lettuce.core.EpollProvider <clinit>() @68 - Starting without optional epoll library
2020.01.19 at 12:34:01 CST INFO  io.lettuce.core.KqueueProvider <clinit>() @70 - Starting without optional kqueue library
2020.01.19 at 12:34:01 CST INFO  com.mt.metro.aop.VisitLogAop beforeVisitLog() @25 - Info log
2020.01.19 at 12:34:01 CST WARN  com.mt.metro.aop.VisitLogAop beforeVisitLog() @26 - Hey, This is a warning!
2020.01.19 at 12:34:01 CST ERROR com.mt.metro.aop.VisitLogAop beforeVisitLog() @27 - Oops! We have an Error. OK
2020.01.19 at 12:34:01 CST INFO  com.zaxxer.hikari.HikariDataSource getConnection() @110 - HikariPool-1 - Starting...
2020.01.19 at 12:34:02 CST INFO  com.zaxxer.hikari.HikariDataSource getConnection() @123 - HikariPool-1 - Start completed.
