2020.02.21 at 13:22:06 CST ERROR com.mt.metro.interceptor.GloablExceptionHandler handleTypeMismatchException() @65 - 空指针异常，null
2020.02.21 at 13:51:44 CST ERROR com.mt.metro.interceptor.GloablExceptionHandler handleException() @34 - 系统异常
2020.02.21 at 13:51:49 CST ERROR com.zaxxer.hikari.pool.HikariPool throwPoolInitializationException() @595 - HikariPool-1 - Exception during pool initialization.
java.sql.SQLException: Access denied for user 'metro'@'localhost' (using password: YES)
	at com.mysql.cj.jdbc.exceptions.SQLError.createSQLException(SQLError.java:129) ~[mysql-connector-java-8.0.16.jar:8.0.16]
	at com.mysql.cj.jdbc.exceptions.SQLError.createSQLException(SQLError.java:97) ~[mysql-connector-java-8.0.16.jar:8.0.16]
	at com.mysql.cj.jdbc.exceptions.SQLExceptionsMapping.translateException(SQLExceptionsMapping.java:122) ~[mysql-connector-java-8.0.16.jar:8.0.16]
	at com.mysql.cj.jdbc.ConnectionImpl.createNewIO(ConnectionImpl.java:835) ~[mysql-connector-java-8.0.16.jar:8.0.16]
	at com.mysql.cj.jdbc.ConnectionImpl.<init>(ConnectionImpl.java:455) ~[mysql-connector-java-8.0.16.jar:8.0.16]
	at com.mysql.cj.jdbc.ConnectionImpl.getInstance(ConnectionImpl.java:240) ~[mysql-connector-java-8.0.16.jar:8.0.16]
	at com.mysql.cj.jdbc.NonRegisteringDriver.connect(NonRegisteringDriver.java:199) ~[mysql-connector-java-8.0.16.jar:8.0.16]
	at com.zaxxer.hikari.util.DriverDataSource.getConnection(DriverDataSource.java:138) ~[HikariCP-3.4.1.jar:?]
	at com.zaxxer.hikari.pool.PoolBase.newConnection(PoolBase.java:353) ~[HikariCP-3.4.1.jar:?]
	at com.zaxxer.hikari.pool.PoolBase.newPoolEntry(PoolBase.java:201) ~[HikariCP-3.4.1.jar:?]
	at com.zaxxer.hikari.pool.HikariPool.createPoolEntry(HikariPool.java:473) [HikariCP-3.4.1.jar:?]
	at com.zaxxer.hikari.pool.HikariPool.checkFailFast(HikariPool.java:562) [HikariCP-3.4.1.jar:?]
	at com.zaxxer.hikari.pool.HikariPool.<init>(HikariPool.java:115) [HikariCP-3.4.1.jar:?]
	at com.zaxxer.hikari.HikariDataSource.getConnection(HikariDataSource.java:112) [HikariCP-3.4.1.jar:?]
	at org.springframework.jdbc.datasource.DataSourceUtils.fetchConnection(DataSourceUtils.java:158) [spring-jdbc-5.2.2.RELEASE.jar:5.2.2.RELEASE]
	at org.springframework.jdbc.datasource.DataSourceUtils.doGetConnection(DataSourceUtils.java:116) [spring-jdbc-5.2.2.RELEASE.jar:5.2.2.RELEASE]
	at org.springframework.jdbc.datasource.DataSourceUtils.getConnection(DataSourceUtils.java:79) [spring-jdbc-5.2.2.RELEASE.jar:5.2.2.RELEASE]
	at org.mybatis.spring.transaction.SpringManagedTransaction.openConnection(SpringManagedTransaction.java:82) [mybatis-spring-2.0.0.jar:2.0.0]
	at org.mybatis.spring.transaction.SpringManagedTransaction.getConnection(SpringManagedTransaction.java:68) [mybatis-spring-2.0.0.jar:2.0.0]
	at org.apache.ibatis.executor.BaseExecutor.getConnection(BaseExecutor.java:336) [mybatis-3.5.0.jar:3.5.0]
	at org.apache.ibatis.executor.SimpleExecutor.prepareStatement(SimpleExecutor.java:85) [mybatis-3.5.0.jar:3.5.0]
	at org.apache.ibatis.executor.SimpleExecutor.doQuery(SimpleExecutor.java:62) [mybatis-3.5.0.jar:3.5.0]
	at org.apache.ibatis.executor.BaseExecutor.queryFromDatabase(BaseExecutor.java:324) [mybatis-3.5.0.jar:3.5.0]
	at org.apache.ibatis.executor.BaseExecutor.query(BaseExecutor.java:156) [mybatis-3.5.0.jar:3.5.0]
	at org.apache.ibatis.executor.CachingExecutor.query(CachingExecutor.java:109) [mybatis-3.5.0.jar:3.5.0]
	at org.apache.ibatis.executor.CachingExecutor.query(CachingExecutor.java:83) [mybatis-3.5.0.jar:3.5.0]
	at org.apache.ibatis.session.defaults.DefaultSqlSession.selectList(DefaultSqlSession.java:148) [mybatis-3.5.0.jar:3.5.0]
	at org.apache.ibatis.session.defaults.DefaultSqlSession.selectList(DefaultSqlSession.java:141) [mybatis-3.5.0.jar:3.5.0]
	at sun.reflect.NativeMethodAccessorImpl.invoke0(Native Method) ~[?:1.8.0_201]
	at sun.reflect.NativeMethodAccessorImpl.invoke(NativeMethodAccessorImpl.java:62) ~[?:1.8.0_201]
	at sun.reflect.DelegatingMethodAccessorImpl.invoke(DelegatingMethodAccessorImpl.java:43) ~[?:1.8.0_201]
	at java.lang.reflect.Method.invoke(Method.java:498) ~[?:1.8.0_201]
	at org.mybatis.spring.SqlSessionTemplate$SqlSessionInterceptor.invoke(SqlSessionTemplate.java:433) [mybatis-spring-2.0.0.jar:2.0.0]
	at com.sun.proxy.$Proxy111.selectList(Unknown Source) [?:?]
	at org.mybatis.spring.SqlSessionTemplate.selectList(SqlSessionTemplate.java:230) [mybatis-spring-2.0.0.jar:2.0.0]
	at org.apache.ibatis.binding.MapperMethod.executeForMany(MapperMethod.java:144) [mybatis-3.5.0.jar:3.5.0]
	at org.apache.ibatis.binding.MapperMethod.execute(MapperMethod.java:77) [mybatis-3.5.0.jar:3.5.0]
	at org.apache.ibatis.binding.MapperProxy.invoke(MapperProxy.java:58) [mybatis-3.5.0.jar:3.5.0]
	at com.sun.proxy.$Proxy129.selectDailyRanking(Unknown Source) [?:?]
	at com.mt.metro.service.UserService.getCarbonRanking(UserService.java:324) [classes/:?]
	at com.mt.metro.service.UserService$$FastClassBySpringCGLIB$$e5e56602.invoke(<generated>) [classes/:?]
	at org.springframework.cglib.proxy.MethodProxy.invoke(MethodProxy.java:218) [spring-core-5.2.2.RELEASE.jar:5.2.2.RELEASE]
	at org.springframework.aop.framework.CglibAopProxy$DynamicAdvisedInterceptor.intercept(CglibAopProxy.java:685) [spring-aop-5.2.2.RELEASE.jar:5.2.2.RELEASE]
	at com.mt.metro.service.UserService$$EnhancerBySpringCGLIB$$e74e4446.getCarbonRanking(<generated>) [classes/:?]
	at com.mt.metro.controller.UserLogin.getCarbonRanking(UserLogin.java:129) [classes/:?]
	at com.mt.metro.controller.UserLogin$$FastClassBySpringCGLIB$$5f72ad1b.invoke(<generated>) [classes/:?]
	at org.springframework.cglib.proxy.MethodProxy.invoke(MethodProxy.java:218) [spring-core-5.2.2.RELEASE.jar:5.2.2.RELEASE]
	at org.springframework.aop.framework.CglibAopProxy$CglibMethodInvocation.invokeJoinpoint(CglibAopProxy.java:769) [spring-aop-5.2.2.RELEASE.jar:5.2.2.RELEASE]
	at org.springframework.aop.framework.ReflectiveMethodInvocation.proceed(ReflectiveMethodInvocation.java:163) [spring-aop-5.2.2.RELEASE.jar:5.2.2.RELEASE]
	at org.springframework.aop.framework.CglibAopProxy$CglibMethodInvocation.proceed(CglibAopProxy.java:747) [spring-aop-5.2.2.RELEASE.jar:5.2.2.RELEASE]
	at org.springframework.aop.interceptor.ExposeInvocationInterceptor.invoke(ExposeInvocationInterceptor.java:93) [spring-aop-5.2.2.RELEASE.jar:5.2.2.RELEASE]
	at org.springframework.aop.framework.ReflectiveMethodInvocation.proceed(ReflectiveMethodInvocation.java:186) [spring-aop-5.2.2.RELEASE.jar:5.2.2.RELEASE]
	at org.springframework.aop.framework.CglibAopProxy$CglibMethodInvocation.proceed(CglibAopProxy.java:747) [spring-aop-5.2.2.RELEASE.jar:5.2.2.RELEASE]
	at org.springframework.aop.framework.CglibAopProxy$DynamicAdvisedInterceptor.intercept(CglibAopProxy.java:689) [spring-aop-5.2.2.RELEASE.jar:5.2.2.RELEASE]
	at com.mt.metro.controller.UserLogin$$EnhancerBySpringCGLIB$$e38dc020.getCarbonRanking(<generated>) [classes/:?]
	at sun.reflect.NativeMethodAccessorImpl.invoke0(Native Method) ~[?:1.8.0_201]
	at sun.reflect.NativeMethodAccessorImpl.invoke(NativeMethodAccessorImpl.java:62) ~[?:1.8.0_201]
	at sun.reflect.DelegatingMethodAccessorImpl.invoke(DelegatingMethodAccessorImpl.java:43) ~[?:1.8.0_201]
	at java.lang.reflect.Method.invoke(Method.java:498) ~[?:1.8.0_201]
	at org.springframework.web.method.support.InvocableHandlerMethod.doInvoke(InvocableHandlerMethod.java:190) [spring-web-5.2.2.RELEASE.jar:5.2.2.RELEASE]
	at org.springframework.web.method.support.InvocableHandlerMethod.invokeForRequest(InvocableHandlerMethod.java:138) [spring-web-5.2.2.RELEASE.jar:5.2.2.RELEASE]
	at org.springframework.web.servlet.mvc.method.annotation.ServletInvocableHandlerMethod.invokeAndHandle(ServletInvocableHandlerMethod.java:106) [spring-webmvc-5.2.2.RELEASE.jar:5.2.2.RELEASE]
	at org.springframework.web.servlet.mvc.method.annotation.RequestMappingHandlerAdapter.invokeHandlerMethod(RequestMappingHandlerAdapter.java:888) [spring-webmvc-5.2.2.RELEASE.jar:5.2.2.RELEASE]
	at org.springframework.web.servlet.mvc.method.annotation.RequestMappingHandlerAdapter.handleInternal(RequestMappingHandlerAdapter.java:793) [spring-webmvc-5.2.2.RELEASE.jar:5.2.2.RELEASE]
	at org.springframework.web.servlet.mvc.method.AbstractHandlerMethodAdapter.handle(AbstractHandlerMethodAdapter.java:87) [spring-webmvc-5.2.2.RELEASE.jar:5.2.2.RELEASE]
	at org.springframework.web.servlet.DispatcherServlet.doDispatch(DispatcherServlet.java:1040) [spring-webmvc-5.2.2.RELEASE.jar:5.2.2.RELEASE]
	at org.springframework.web.servlet.DispatcherServlet.doService(DispatcherServlet.java:943) [spring-webmvc-5.2.2.RELEASE.jar:5.2.2.RELEASE]
	at org.springframework.web.servlet.FrameworkServlet.processRequest(FrameworkServlet.java:1006) [spring-webmvc-5.2.2.RELEASE.jar:5.2.2.RELEASE]
	at org.springframework.web.servlet.FrameworkServlet.doGet(FrameworkServlet.java:898) [spring-webmvc-5.2.2.RELEASE.jar:5.2.2.RELEASE]
	at javax.servlet.http.HttpServlet.service(HttpServlet.java:634) [tomcat-embed-core-9.0.29.jar:9.0.29]
	at org.springframework.web.servlet.FrameworkServlet.service(FrameworkServlet.java:883) [spring-webmvc-5.2.2.RELEASE.jar:5.2.2.RELEASE]
	at javax.servlet.http.HttpServlet.service(HttpServlet.java:741) [tomcat-embed-core-9.0.29.jar:9.0.29]
	at org.apache.catalina.core.ApplicationFilterChain.internalDoFilter(ApplicationFilterChain.java:231) [tomcat-embed-core-9.0.29.jar:9.0.29]
	at org.apache.catalina.core.ApplicationFilterChain.doFilter(ApplicationFilterChain.java:166) [tomcat-embed-core-9.0.29.jar:9.0.29]
	at org.apache.tomcat.websocket.server.WsFilter.doFilter(WsFilter.java:53) [tomcat-embed-websocket-9.0.29.jar:9.0.29]
	at org.apache.catalina.core.ApplicationFilterChain.internalDoFilter(ApplicationFilterChain.java:193) [tomcat-embed-core-9.0.29.jar:9.0.29]
	at org.apache.catalina.core.ApplicationFilterChain.doFilter(ApplicationFilterChain.java:166) [tomcat-embed-core-9.0.29.jar:9.0.29]
	at org.springframework.web.filter.CharacterEncodingFilter.doFilterInternal(CharacterEncodingFilter.java:201) [spring-web-5.2.2.RELEASE.jar:5.2.2.RELEASE]
	at org.springframework.web.filter.OncePerRequestFilter.doFilter(OncePerRequestFilter.java:119) [spring-web-5.2.2.RELEASE.jar:5.2.2.RELEASE]
	at org.apache.catalina.core.ApplicationFilterChain.internalDoFilter(ApplicationFilterChain.java:193) [tomcat-embed-core-9.0.29.jar:9.0.29]
	at org.apache.catalina.core.ApplicationFilterChain.doFilter(ApplicationFilterChain.java:166) [tomcat-embed-core-9.0.29.jar:9.0.29]
	at org.apache.catalina.core.StandardWrapperValve.invoke(StandardWrapperValve.java:202) [tomcat-embed-core-9.0.29.jar:9.0.29]
	at org.apache.catalina.core.StandardContextValve.invoke(StandardContextValve.java:96) [tomcat-embed-core-9.0.29.jar:9.0.29]
	at org.apache.catalina.authenticator.AuthenticatorBase.invoke(AuthenticatorBase.java:526) [tomcat-embed-core-9.0.29.jar:9.0.29]
	at org.apache.catalina.core.StandardHostValve.invoke(StandardHostValve.java:139) [tomcat-embed-core-9.0.29.jar:9.0.29]
	at org.apache.catalina.valves.ErrorReportValve.invoke(ErrorReportValve.java:92) [tomcat-embed-core-9.0.29.jar:9.0.29]
	at org.apache.catalina.core.StandardEngineValve.invoke(StandardEngineValve.java:74) [tomcat-embed-core-9.0.29.jar:9.0.29]
	at org.apache.catalina.connector.CoyoteAdapter.service(CoyoteAdapter.java:343) [tomcat-embed-core-9.0.29.jar:9.0.29]
	at org.apache.coyote.http11.Http11Processor.service(Http11Processor.java:367) [tomcat-embed-core-9.0.29.jar:9.0.29]
	at org.apache.coyote.AbstractProcessorLight.process(AbstractProcessorLight.java:65) [tomcat-embed-core-9.0.29.jar:9.0.29]
	at org.apache.coyote.AbstractProtocol$ConnectionHandler.process(AbstractProtocol.java:860) [tomcat-embed-core-9.0.29.jar:9.0.29]
	at org.apache.tomcat.util.net.NioEndpoint$SocketProcessor.doRun(NioEndpoint.java:1591) [tomcat-embed-core-9.0.29.jar:9.0.29]
	at org.apache.tomcat.util.net.SocketProcessorBase.run(SocketProcessorBase.java:49) [tomcat-embed-core-9.0.29.jar:9.0.29]
	at java.util.concurrent.ThreadPoolExecutor.runWorker(ThreadPoolExecutor.java:1149) [?:1.8.0_201]
	at java.util.concurrent.ThreadPoolExecutor$Worker.run(ThreadPoolExecutor.java:624) [?:1.8.0_201]
	at org.apache.tomcat.util.threads.TaskThread$WrappingRunnable.run(TaskThread.java:61) [tomcat-embed-core-9.0.29.jar:9.0.29]
	at java.lang.Thread.run(Thread.java:748) [?:1.8.0_201]
2020.02.21 at 13:51:49 CST ERROR com.mt.metro.interceptor.GloablExceptionHandler handleException() @34 - 系统异常
2020.02.21 at 13:56:53 CST ERROR com.mt.metro.interceptor.GloablExceptionHandler handleException() @34 - 系统异常
2020.02.21 at 13:57:22 CST ERROR com.mt.metro.interceptor.GloablExceptionHandler handleException() @34 - 系统异常
2020.02.21 at 14:32:55 CST ERROR com.zaxxer.hikari.pool.HikariPool throwPoolInitializationException() @595 - HikariPool-1 - Exception during pool initialization.
java.sql.SQLException: Access denied for user 'metro'@'localhost' (using password: YES)
	at com.mysql.cj.jdbc.exceptions.SQLError.createSQLException(SQLError.java:129) ~[mysql-connector-java-8.0.16.jar:8.0.16]
	at com.mysql.cj.jdbc.exceptions.SQLError.createSQLException(SQLError.java:97) ~[mysql-connector-java-8.0.16.jar:8.0.16]
	at com.mysql.cj.jdbc.exceptions.SQLExceptionsMapping.translateException(SQLExceptionsMapping.java:122) ~[mysql-connector-java-8.0.16.jar:8.0.16]
	at com.mysql.cj.jdbc.ConnectionImpl.createNewIO(ConnectionImpl.java:835) ~[mysql-connector-java-8.0.16.jar:8.0.16]
	at com.mysql.cj.jdbc.ConnectionImpl.<init>(ConnectionImpl.java:455) ~[mysql-connector-java-8.0.16.jar:8.0.16]
	at com.mysql.cj.jdbc.ConnectionImpl.getInstance(ConnectionImpl.java:240) ~[mysql-connector-java-8.0.16.jar:8.0.16]
	at com.mysql.cj.jdbc.NonRegisteringDriver.connect(NonRegisteringDriver.java:199) ~[mysql-connector-java-8.0.16.jar:8.0.16]
	at com.zaxxer.hikari.util.DriverDataSource.getConnection(DriverDataSource.java:138) ~[HikariCP-3.4.1.jar:?]
	at com.zaxxer.hikari.pool.PoolBase.newConnection(PoolBase.java:353) ~[HikariCP-3.4.1.jar:?]
	at com.zaxxer.hikari.pool.PoolBase.newPoolEntry(PoolBase.java:201) ~[HikariCP-3.4.1.jar:?]
	at com.zaxxer.hikari.pool.HikariPool.createPoolEntry(HikariPool.java:473) [HikariCP-3.4.1.jar:?]
	at com.zaxxer.hikari.pool.HikariPool.checkFailFast(HikariPool.java:562) [HikariCP-3.4.1.jar:?]
	at com.zaxxer.hikari.pool.HikariPool.<init>(HikariPool.java:115) [HikariCP-3.4.1.jar:?]
	at com.zaxxer.hikari.HikariDataSource.getConnection(HikariDataSource.java:112) [HikariCP-3.4.1.jar:?]
	at org.springframework.jdbc.datasource.DataSourceUtils.fetchConnection(DataSourceUtils.java:158) [spring-jdbc-5.2.2.RELEASE.jar:5.2.2.RELEASE]
	at org.springframework.jdbc.datasource.DataSourceUtils.doGetConnection(DataSourceUtils.java:116) [spring-jdbc-5.2.2.RELEASE.jar:5.2.2.RELEASE]
	at org.springframework.jdbc.datasource.DataSourceUtils.getConnection(DataSourceUtils.java:79) [spring-jdbc-5.2.2.RELEASE.jar:5.2.2.RELEASE]
	at org.mybatis.spring.transaction.SpringManagedTransaction.openConnection(SpringManagedTransaction.java:82) [mybatis-spring-2.0.0.jar:2.0.0]
	at org.mybatis.spring.transaction.SpringManagedTransaction.getConnection(SpringManagedTransaction.java:68) [mybatis-spring-2.0.0.jar:2.0.0]
	at org.apache.ibatis.executor.BaseExecutor.getConnection(BaseExecutor.java:336) [mybatis-3.5.0.jar:3.5.0]
	at org.apache.ibatis.executor.SimpleExecutor.prepareStatement(SimpleExecutor.java:85) [mybatis-3.5.0.jar:3.5.0]
	at org.apache.ibatis.executor.SimpleExecutor.doQuery(SimpleExecutor.java:62) [mybatis-3.5.0.jar:3.5.0]
	at org.apache.ibatis.executor.BaseExecutor.queryFromDatabase(BaseExecutor.java:324) [mybatis-3.5.0.jar:3.5.0]
	at org.apache.ibatis.executor.BaseExecutor.query(BaseExecutor.java:156) [mybatis-3.5.0.jar:3.5.0]
	at org.apache.ibatis.executor.CachingExecutor.query(CachingExecutor.java:109) [mybatis-3.5.0.jar:3.5.0]
	at org.apache.ibatis.executor.CachingExecutor.query(CachingExecutor.java:83) [mybatis-3.5.0.jar:3.5.0]
	at org.apache.ibatis.session.defaults.DefaultSqlSession.selectList(DefaultSqlSession.java:148) [mybatis-3.5.0.jar:3.5.0]
	at org.apache.ibatis.session.defaults.DefaultSqlSession.selectList(DefaultSqlSession.java:141) [mybatis-3.5.0.jar:3.5.0]
	at sun.reflect.NativeMethodAccessorImpl.invoke0(Native Method) ~[?:1.8.0_201]
	at sun.reflect.NativeMethodAccessorImpl.invoke(NativeMethodAccessorImpl.java:62) ~[?:1.8.0_201]
	at sun.reflect.DelegatingMethodAccessorImpl.invoke(DelegatingMethodAccessorImpl.java:43) ~[?:1.8.0_201]
	at java.lang.reflect.Method.invoke(Method.java:498) ~[?:1.8.0_201]
	at org.mybatis.spring.SqlSessionTemplate$SqlSessionInterceptor.invoke(SqlSessionTemplate.java:433) [mybatis-spring-2.0.0.jar:2.0.0]
	at com.sun.proxy.$Proxy111.selectList(Unknown Source) [?:?]
	at org.mybatis.spring.SqlSessionTemplate.selectList(SqlSessionTemplate.java:230) [mybatis-spring-2.0.0.jar:2.0.0]
	at org.apache.ibatis.binding.MapperMethod.executeForMany(MapperMethod.java:144) [mybatis-3.5.0.jar:3.5.0]
	at org.apache.ibatis.binding.MapperMethod.execute(MapperMethod.java:77) [mybatis-3.5.0.jar:3.5.0]
	at org.apache.ibatis.binding.MapperProxy.invoke(MapperProxy.java:58) [mybatis-3.5.0.jar:3.5.0]
	at com.sun.proxy.$Proxy129.selectDailyRanking(Unknown Source) [?:?]
	at com.mt.metro.service.UserService.getCarbonRanking(UserService.java:325) [classes/:?]
	at com.mt.metro.service.UserService$$FastClassBySpringCGLIB$$e5e56602.invoke(<generated>) [classes/:?]
	at org.springframework.cglib.proxy.MethodProxy.invoke(MethodProxy.java:218) [spring-core-5.2.2.RELEASE.jar:5.2.2.RELEASE]
	at org.springframework.aop.framework.CglibAopProxy$DynamicAdvisedInterceptor.intercept(CglibAopProxy.java:685) [spring-aop-5.2.2.RELEASE.jar:5.2.2.RELEASE]
	at com.mt.metro.service.UserService$$EnhancerBySpringCGLIB$$6e6765ed.getCarbonRanking(<generated>) [classes/:?]
	at com.mt.metro.controller.UserLogin.getCarbonRanking(UserLogin.java:129) [classes/:?]
	at com.mt.metro.controller.UserLogin$$FastClassBySpringCGLIB$$5f72ad1b.invoke(<generated>) [classes/:?]
	at org.springframework.cglib.proxy.MethodProxy.invoke(MethodProxy.java:218) [spring-core-5.2.2.RELEASE.jar:5.2.2.RELEASE]
	at org.springframework.aop.framework.CglibAopProxy$CglibMethodInvocation.invokeJoinpoint(CglibAopProxy.java:769) [spring-aop-5.2.2.RELEASE.jar:5.2.2.RELEASE]
	at org.springframework.aop.framework.ReflectiveMethodInvocation.proceed(ReflectiveMethodInvocation.java:163) [spring-aop-5.2.2.RELEASE.jar:5.2.2.RELEASE]
	at org.springframework.aop.framework.CglibAopProxy$CglibMethodInvocation.proceed(CglibAopProxy.java:747) [spring-aop-5.2.2.RELEASE.jar:5.2.2.RELEASE]
	at org.springframework.aop.interceptor.ExposeInvocationInterceptor.invoke(ExposeInvocationInterceptor.java:93) [spring-aop-5.2.2.RELEASE.jar:5.2.2.RELEASE]
	at org.springframework.aop.framework.ReflectiveMethodInvocation.proceed(ReflectiveMethodInvocation.java:186) [spring-aop-5.2.2.RELEASE.jar:5.2.2.RELEASE]
	at org.springframework.aop.framework.CglibAopProxy$CglibMethodInvocation.proceed(CglibAopProxy.java:747) [spring-aop-5.2.2.RELEASE.jar:5.2.2.RELEASE]
	at org.springframework.aop.framework.CglibAopProxy$DynamicAdvisedInterceptor.intercept(CglibAopProxy.java:689) [spring-aop-5.2.2.RELEASE.jar:5.2.2.RELEASE]
	at com.mt.metro.controller.UserLogin$$EnhancerBySpringCGLIB$$bcea32fa.getCarbonRanking(<generated>) [classes/:?]
	at sun.reflect.NativeMethodAccessorImpl.invoke0(Native Method) ~[?:1.8.0_201]
	at sun.reflect.NativeMethodAccessorImpl.invoke(NativeMethodAccessorImpl.java:62) ~[?:1.8.0_201]
	at sun.reflect.DelegatingMethodAccessorImpl.invoke(DelegatingMethodAccessorImpl.java:43) ~[?:1.8.0_201]
	at java.lang.reflect.Method.invoke(Method.java:498) ~[?:1.8.0_201]
	at org.springframework.web.method.support.InvocableHandlerMethod.doInvoke(InvocableHandlerMethod.java:190) [spring-web-5.2.2.RELEASE.jar:5.2.2.RELEASE]
	at org.springframework.web.method.support.InvocableHandlerMethod.invokeForRequest(InvocableHandlerMethod.java:138) [spring-web-5.2.2.RELEASE.jar:5.2.2.RELEASE]
	at org.springframework.web.servlet.mvc.method.annotation.ServletInvocableHandlerMethod.invokeAndHandle(ServletInvocableHandlerMethod.java:106) [spring-webmvc-5.2.2.RELEASE.jar:5.2.2.RELEASE]
	at org.springframework.web.servlet.mvc.method.annotation.RequestMappingHandlerAdapter.invokeHandlerMethod(RequestMappingHandlerAdapter.java:888) [spring-webmvc-5.2.2.RELEASE.jar:5.2.2.RELEASE]
	at org.springframework.web.servlet.mvc.method.annotation.RequestMappingHandlerAdapter.handleInternal(RequestMappingHandlerAdapter.java:793) [spring-webmvc-5.2.2.RELEASE.jar:5.2.2.RELEASE]
	at org.springframework.web.servlet.mvc.method.AbstractHandlerMethodAdapter.handle(AbstractHandlerMethodAdapter.java:87) [spring-webmvc-5.2.2.RELEASE.jar:5.2.2.RELEASE]
	at org.springframework.web.servlet.DispatcherServlet.doDispatch(DispatcherServlet.java:1040) [spring-webmvc-5.2.2.RELEASE.jar:5.2.2.RELEASE]
	at org.springframework.web.servlet.DispatcherServlet.doService(DispatcherServlet.java:943) [spring-webmvc-5.2.2.RELEASE.jar:5.2.2.RELEASE]
	at org.springframework.web.servlet.FrameworkServlet.processRequest(FrameworkServlet.java:1006) [spring-webmvc-5.2.2.RELEASE.jar:5.2.2.RELEASE]
	at org.springframework.web.servlet.FrameworkServlet.doGet(FrameworkServlet.java:898) [spring-webmvc-5.2.2.RELEASE.jar:5.2.2.RELEASE]
	at javax.servlet.http.HttpServlet.service(HttpServlet.java:634) [tomcat-embed-core-9.0.29.jar:9.0.29]
	at org.springframework.web.servlet.FrameworkServlet.service(FrameworkServlet.java:883) [spring-webmvc-5.2.2.RELEASE.jar:5.2.2.RELEASE]
	at javax.servlet.http.HttpServlet.service(HttpServlet.java:741) [tomcat-embed-core-9.0.29.jar:9.0.29]
	at org.apache.catalina.core.ApplicationFilterChain.internalDoFilter(ApplicationFilterChain.java:231) [tomcat-embed-core-9.0.29.jar:9.0.29]
	at org.apache.catalina.core.ApplicationFilterChain.doFilter(ApplicationFilterChain.java:166) [tomcat-embed-core-9.0.29.jar:9.0.29]
	at org.apache.tomcat.websocket.server.WsFilter.doFilter(WsFilter.java:53) [tomcat-embed-websocket-9.0.29.jar:9.0.29]
	at org.apache.catalina.core.ApplicationFilterChain.internalDoFilter(ApplicationFilterChain.java:193) [tomcat-embed-core-9.0.29.jar:9.0.29]
	at org.apache.catalina.core.ApplicationFilterChain.doFilter(ApplicationFilterChain.java:166) [tomcat-embed-core-9.0.29.jar:9.0.29]
	at org.springframework.web.filter.CharacterEncodingFilter.doFilterInternal(CharacterEncodingFilter.java:201) [spring-web-5.2.2.RELEASE.jar:5.2.2.RELEASE]
	at org.springframework.web.filter.OncePerRequestFilter.doFilter(OncePerRequestFilter.java:119) [spring-web-5.2.2.RELEASE.jar:5.2.2.RELEASE]
	at org.apache.catalina.core.ApplicationFilterChain.internalDoFilter(ApplicationFilterChain.java:193) [tomcat-embed-core-9.0.29.jar:9.0.29]
	at org.apache.catalina.core.ApplicationFilterChain.doFilter(ApplicationFilterChain.java:166) [tomcat-embed-core-9.0.29.jar:9.0.29]
	at org.apache.catalina.core.StandardWrapperValve.invoke(StandardWrapperValve.java:202) [tomcat-embed-core-9.0.29.jar:9.0.29]
	at org.apache.catalina.core.StandardContextValve.invoke(StandardContextValve.java:96) [tomcat-embed-core-9.0.29.jar:9.0.29]
	at org.apache.catalina.authenticator.AuthenticatorBase.invoke(AuthenticatorBase.java:526) [tomcat-embed-core-9.0.29.jar:9.0.29]
	at org.apache.catalina.core.StandardHostValve.invoke(StandardHostValve.java:139) [tomcat-embed-core-9.0.29.jar:9.0.29]
	at org.apache.catalina.valves.ErrorReportValve.invoke(ErrorReportValve.java:92) [tomcat-embed-core-9.0.29.jar:9.0.29]
	at org.apache.catalina.core.StandardEngineValve.invoke(StandardEngineValve.java:74) [tomcat-embed-core-9.0.29.jar:9.0.29]
	at org.apache.catalina.connector.CoyoteAdapter.service(CoyoteAdapter.java:343) [tomcat-embed-core-9.0.29.jar:9.0.29]
	at org.apache.coyote.http11.Http11Processor.service(Http11Processor.java:367) [tomcat-embed-core-9.0.29.jar:9.0.29]
	at org.apache.coyote.AbstractProcessorLight.process(AbstractProcessorLight.java:65) [tomcat-embed-core-9.0.29.jar:9.0.29]
	at org.apache.coyote.AbstractProtocol$ConnectionHandler.process(AbstractProtocol.java:860) [tomcat-embed-core-9.0.29.jar:9.0.29]
	at org.apache.tomcat.util.net.NioEndpoint$SocketProcessor.doRun(NioEndpoint.java:1591) [tomcat-embed-core-9.0.29.jar:9.0.29]
	at org.apache.tomcat.util.net.SocketProcessorBase.run(SocketProcessorBase.java:49) [tomcat-embed-core-9.0.29.jar:9.0.29]
	at java.util.concurrent.ThreadPoolExecutor.runWorker(ThreadPoolExecutor.java:1149) [?:1.8.0_201]
	at java.util.concurrent.ThreadPoolExecutor$Worker.run(ThreadPoolExecutor.java:624) [?:1.8.0_201]
	at org.apache.tomcat.util.threads.TaskThread$WrappingRunnable.run(TaskThread.java:61) [tomcat-embed-core-9.0.29.jar:9.0.29]
	at java.lang.Thread.run(Thread.java:748) [?:1.8.0_201]
2020.02.21 at 14:32:55 CST ERROR com.mt.metro.interceptor.GloablExceptionHandler handleException() @34 - 系统异常
2020.02.21 at 14:58:54 CST ERROR com.mt.metro.interceptor.GloablExceptionHandler handleException() @34 - 系统异常
2020.02.21 at 14:59:10 CST ERROR com.mt.metro.interceptor.GloablExceptionHandler handleException() @34 - 系统异常
